[debug] [2017-11-14T04:50:28.702Z] ----------------------------------------------------------------------
[debug] [2017-11-14T04:50:28.705Z] Command:       C:\Program Files\nodejs\node.exe C:\Users\MidasIT\AppData\Roaming\npm\node_modules\firebase-tools\bin\firebase serve
[debug] [2017-11-14T04:50:28.705Z] CLI Version:   3.15.0
[debug] [2017-11-14T04:50:28.705Z] Platform:      win32
[debug] [2017-11-14T04:50:28.705Z] Node Version:  v8.9.1
[debug] [2017-11-14T04:50:28.705Z] Time:          Tue Nov 14 2017 13:50:28 GMT+0900 (대한민국 표준시)
[debug] [2017-11-14T04:50:28.705Z] ----------------------------------------------------------------------
[debug] 
[debug] [2017-11-14T04:50:28.716Z] > command requires scopes: ["email","openid","https://www.googleapis.com/auth/cloudplatformprojects.readonly","https://www.googleapis.com/auth/firebase","https://www.googleapis.com/auth/cloud-platform"]
[debug] [2017-11-14T04:50:28.717Z] > authorizing via signed-in user
[debug] [2017-11-14T04:50:28.719Z] >>> HTTP REQUEST GET https://admin.firebase.com/v1/projects/fir-sample2-9237c  
 Tue Nov 14 2017 13:50:28 GMT+0900 (대한민국 표준시)
[debug] [2017-11-14T04:50:29.738Z] <<< HTTP RESPONSE 200
[debug] [2017-11-14T04:50:29.738Z] >>> HTTP REQUEST GET https://admin.firebase.com/v1/database/fir-sample2-9237c/tokens  
 Tue Nov 14 2017 13:50:29 GMT+0900 (대한민국 표준시)
[debug] [2017-11-14T04:51:12.310Z] <<< HTTP RESPONSE 200
[info] 
[info] === Serving from 'C:\workspaces\gandangudu'...
[info] 
[debug] [2017-11-14T04:51:12.320Z] >>> HTTP REQUEST GET https://cloudresourcemanager.googleapis.com/v1/projects/fir-sample2-9237c  
 Tue Nov 14 2017 13:51:12 GMT+0900 (대한민국 표준시)
[debug] [2017-11-14T04:51:13.250Z] <<< HTTP RESPONSE 200
[debug] [2017-11-14T04:51:13.250Z] >>> HTTP REQUEST GET https://mobilesdk-pa.googleapis.com/v1/projects/276221771550/clients/_:getWebAppConfig  
 Tue Nov 14 2017 13:51:13 GMT+0900 (대한민국 표준시)
[debug] [2017-11-14T04:51:14.050Z] <<< HTTP RESPONSE 200
[info] i  hosting: Serving hosting files from: app
[info] +  hosting: Local server: http://localhost:5000

